"../../../FireAndIce/Content/Blueprints/PlatformAppearing_BP.uasset" 0
"../../../FireAndIce/Content/StarterContent/Materials/M_AssetPlatform.uasset" 1
"../../../FireAndIce/Content/StarterContent/Architecture/SM_AssetPlatform.uasset" 2
"../../../FireAndIce/Content/Blueprints/PlatformBase_BP.uasset" 3
"../../../FireAndIce/Content/Materials/M_Glass.uasset" 4
"../../../FireAndIce/Content/Blueprints/PlatformMoving_BP.uasset" 5
"../../../FireAndIce/Content/Blueprints/Menu/BP_PauseMenu.uasset" 6
"../../../FireAndIce/Content/FireSpirit/crosshair.uasset" 7
"../../../FireAndIce/Content/FireSpirit/T-Pose_Skeleton.uasset" 8
"../../../FireAndIce/Content/FireSpirit/FireSpritAnimBP.uasset" 9
"../../../FireAndIce/Content/FireSpirit/IdleNoSkin.uasset" 10
"../../../FireAndIce/Content/FireSpirit/T-Pose_Anim_mixamo_com.uasset" 11
"../../../FireAndIce/Content/Mannequin/Character/Mesh/UE4_Mannequin_Skeleton.uasset" 12
"../../../FireAndIce/Content/Mannequin/Animations/ThirdPersonJump_End.uasset" 13
"../../../FireAndIce/Content/Meshes/Candle_Candle.uasset" 14
"../../../FireAndIce/Content/Meshes/FloorSeg_FloorSeg1.uasset" 15
"../../../FireAndIce/Content/Meshes/Match_pSphere1.uasset" 16
"../../../FireAndIce/Content/Meshes/MetalDoorDown_FloorSeg3.uasset" 17
"../../../FireAndIce/Content/Meshes/Ramp_Ramp.uasset" 18
"../../../FireAndIce/Content/Meshes/RedButton_Button.uasset" 19
"../../../FireAndIce/Content/Meshes/WallSegWithRamp_WallSegWithRamp.uasset" 20
"../../../FireAndIce/Content/Meshes/WallSeg_WallSeg.uasset" 21
"../../../FireAndIce/Content/Meshes/WaterNozzle_pCube22.uasset" 22
"../../../FireAndIce/Content/Meshes/Wood_Plank_pCube23.uasset" 23
"../../../FireAndIce/Content/Meshes/Outdated/V1/LevelV1__1__Beaker1.uasset" 24
"../../../FireAndIce/Content/Meshes/Outdated/V1/LevelV1__1__Beaker2.uasset" 25
"../../../FireAndIce/Content/Meshes/Outdated/V1/LevelV1__1__Beaker3.uasset" 26
"../../../FireAndIce/Content/Meshes/Outdated/V1/LevelV1__1__Beaker4.uasset" 27
"../../../FireAndIce/Content/Meshes/Outdated/V1/LevelV1__1__Cabinets1.uasset" 28
"../../../FireAndIce/Content/Meshes/Outdated/V1/LevelV1__1__Cabinets2.uasset" 29
"../../../FireAndIce/Content/Meshes/Outdated/V1/LevelV1__1__Cabinets3.uasset" 30
"../../../FireAndIce/Content/Meshes/Outdated/V1/LevelV1__1__Cabinets4.uasset" 31
"../../../FireAndIce/Content/Meshes/Outdated/V1/LevelV1__1__Chair1.uasset" 32
"../../../FireAndIce/Content/Meshes/Outdated/V1/LevelV1__1__Chair2.uasset" 33
"../../../FireAndIce/Content/Meshes/Outdated/V1/LevelV1__1__Chair3.uasset" 34
"../../../FireAndIce/Content/Meshes/Outdated/V1/LevelV1__1__CounterSupport.uasset" 35
"../../../FireAndIce/Content/Meshes/Outdated/V1/LevelV1__1__CounterTop1.uasset" 36
"../../../FireAndIce/Content/Meshes/Outdated/V1/LevelV1__1__CounterTop2.uasset" 37
"../../../FireAndIce/Content/Meshes/Outdated/V1/LevelV1__1__Glass_Case.uasset" 38
"../../../FireAndIce/Content/Meshes/Outdated/V1/LevelV1__1__MainCounterTop1.uasset" 39
"../../../FireAndIce/Content/Meshes/Outdated/V1/LevelV1__1__Plane001.uasset" 40
"../../../FireAndIce/Content/Meshes/Outdated/V1/LevelV1__1__Screen1.uasset" 41
"../../../FireAndIce/Content/Meshes/Outdated/V1/LevelV1__1__Screen2.uasset" 42
"../../../FireAndIce/Content/Meshes/Outdated/V1/LevelV1__1__Screen3.uasset" 43
"../../../FireAndIce/Content/Meshes/Outdated/V1/LevelV1__1__Screen4.uasset" 44
"../../../FireAndIce/Content/Meshes/Outdated/V1/LevelV1__1__Trash1.uasset" 45
"../../../FireAndIce/Content/Meshes/Outdated/V1/LevelV1__1__Trash2.uasset" 46
"../../../FireAndIce/Content/Meshes/Outdated/V1/LevelV1__1__VentHood2.uasset" 47
"../../../FireAndIce/Content/Meshes/Outdated/V1/LevelV1__1__VentHood3.uasset" 48
"../../../FireAndIce/Content/Meshes/Outdated/V1/LevelV1__1__VentHood4.uasset" 49
"../../../FireAndIce/Content/Meshes/Outdated/V1/LevelV1__1__Vials1.uasset" 50
"../../../FireAndIce/Content/Meshes/Outdated/V1/LevelV1__1__Vials2.uasset" 51
"../../../FireAndIce/Content/Meshes/Outdated/V1/LevelV1__1__Vials3.uasset" 52
"../../../FireAndIce/Content/Meshes/Outdated/V1/LevelV1__1__WorldCenter.uasset" 53
"../../../FireAndIce/Content/StarterContent/Materials/M_Basic_Wall.uasset" 54
"../../../FireAndIce/Content/StarterContent/Architecture/Pillar_50x500.uasset" 55
"../../../FireAndIce/Content/StarterContent/Architecture/Wall_400x300.uasset" 56
"../../../FireAndIce/Content/StarterContent/Architecture/Wall_400x400.uasset" 57
"../../../FireAndIce/Content/StarterContent/Architecture/Wall_500x500.uasset" 58
"../../../FireAndIce/Content/StarterContent/Architecture/Wall_Door_400x400.uasset" 59
"../../../FireAndIce/Content/StarterContent/Architecture/Wall_Window_400x400.uasset" 60
"../../../FireAndIce/Content/StarterContent/Audio/Light01_Cue.uasset" 61
"../../../FireAndIce/Content/StarterContent/Audio/Light02_Cue.uasset" 62
"../../../FireAndIce/Content/StarterContent/Audio/Explosion_Cue.uasset" 63
"../../../FireAndIce/Content/StarterContent/Textures/T_Burst_M.uasset" 64
"../../../FireAndIce/Content/StarterContent/Particles/Materials/M_Burst.uasset" 65
"../../../FireAndIce/Content/StarterContent/Textures/T_Explosion_SubUV.uasset" 66
"../../../FireAndIce/Content/StarterContent/Particles/Materials/M_explosion_subUV.uasset" 67
"../../../FireAndIce/Content/StarterContent/Particles/Materials/m_flare_01.uasset" 68
"../../../Engine/Content/Functions/Engine_MaterialFunctions01/Gradient/RadialGradient.uasset" 69
"../../../FireAndIce/Content/StarterContent/Particles/Materials/M_radial_ramp.uasset" 70
"../../../FireAndIce/Content/StarterContent/Textures/T_Smoke_SubUV.uasset" 71
"../../../FireAndIce/Content/StarterContent/Textures/T_Smoke_Tiled_D.uasset" 72
"../../../FireAndIce/Content/StarterContent/Particles/Materials/M_smoke_subUV.uasset" 73
"../../../FireAndIce/Content/StarterContent/Particles/P_Explosion.uasset" 74
"../../../FireAndIce/Content/StarterContent/Blueprints/Blueprint_Effect_Explosion.uasset" 75
"../../../Engine/Content/EditorMeshes/ColorCalibrator/T_ColorGrid.uasset" 76
"../../../FireAndIce/Content/StarterContent/Materials/M_ColorGrid_LowSpec.uasset" 77
"../../../FireAndIce/Content/StarterContent/Textures/T_Bush_D.uasset" 78
"../../../FireAndIce/Content/StarterContent/Textures/T_Bush_N.uasset" 79
"../../../FireAndIce/Content/StarterContent/Props/Materials/M_Bush.uasset" 80
"../../../FireAndIce/Content/StarterContent/Props/SM_Bush.uasset" 81
"../../../FireAndIce/Content/StarterContent/Textures/T_Chair_M.uasset" 82
"../../../FireAndIce/Content/StarterContent/Textures/T_Chair_N.uasset" 83
"../../../FireAndIce/Content/StarterContent/Props/Materials/M_Chair.uasset" 84
"../../../FireAndIce/Content/StarterContent/Props/SM_Couch.uasset" 85
"../../../FireAndIce/Content/StarterContent/Materials/M_Glass.uasset" 86
"../../../FireAndIce/Content/StarterContent/Textures/T_Door_M.uasset" 87
"../../../FireAndIce/Content/StarterContent/Textures/T_Door_N.uasset" 88
"../../../FireAndIce/Content/StarterContent/Props/Materials/M_Door.uasset" 89
"../../../FireAndIce/Content/StarterContent/Props/SM_Door.uasset" 90
"../../../FireAndIce/Content/StarterContent/Props/Materials/M_MaterialSphere.uasset" 91
"../../../FireAndIce/Content/StarterContent/Props/Materials/M_MaterialSphere_Plain.uasset" 92
"../../../FireAndIce/Content/StarterContent/Props/SM_MatPreviewMesh_02.uasset" 93
"../../../Engine/Content/Functions/Engine_MaterialFunctions02/Utility/BlendAngleCorrectedNormals.uasset" 94
"../../../FireAndIce/Content/StarterContent/Textures/T_Detail_Rocky_N.uasset" 95
"../../../FireAndIce/Content/StarterContent/Textures/T_Rock_Basalt_D.uasset" 96
"../../../FireAndIce/Content/StarterContent/Textures/T_RockMesh_M.uasset" 97
"../../../FireAndIce/Content/StarterContent/Textures/T_RockMesh_N.uasset" 98
"../../../FireAndIce/Content/StarterContent/Props/Materials/M_Rock.uasset" 99
"../../../FireAndIce/Content/StarterContent/Props/SM_Rock.uasset" 100
"../../../FireAndIce/Content/StarterContent/Textures/T_Shelf_M.uasset" 101
"../../../FireAndIce/Content/StarterContent/Textures/T_Shelf_N.uasset" 102
"../../../FireAndIce/Content/StarterContent/Props/Materials/M_Shelf.uasset" 103
"../../../FireAndIce/Content/StarterContent/Props/SM_Shelf.uasset" 104
"../../../FireAndIce/Content/StarterContent/Materials/M_Basic_Floor.uasset" 105
"../../../FireAndIce/Content/StarterContent/Props/SM_Stairs.uasset" 106
"../../../FireAndIce/Content/StarterContent/Shapes/Shape_Cone.uasset" 107
"../../../FireAndIce/Content/StarterContent/Shapes/Shape_Cylinder.uasset" 108
"../../../FireAndIce/Content/StarterContent/Shapes/Shape_NarrowCapsule.uasset" 109
"../../../FireAndIce/Content/StarterContent/Shapes/Shape_Pipe.uasset" 110
"../../../FireAndIce/Content/StarterContent/Shapes/Shape_Pipe_180.uasset" 111
"../../../FireAndIce/Content/StarterContent/Shapes/Shape_Pipe_90.uasset" 112
"../../../FireAndIce/Content/StarterContent/Shapes/Shape_Plane.uasset" 113
"../../../FireAndIce/Content/StarterContent/Shapes/Shape_Torus.uasset" 114
"../../../FireAndIce/Content/StarterContent/Shapes/Shape_Trim.uasset" 115
"../../../FireAndIce/Content/StarterContent/Shapes/Shape_Trim_90_In.uasset" 116
"../../../FireAndIce/Content/StarterContent/Shapes/Shape_Trim_90_Out.uasset" 117
"../../../FireAndIce/Content/StarterContent/Shapes/Shape_TriPyramid.uasset" 118
"../../../FireAndIce/Content/StarterContent/Shapes/Shape_Tube.uasset" 119
"../../../FireAndIce/Content/StarterContent/Shapes/Shape_Wedge_A.uasset" 120
"../../../FireAndIce/Content/StarterContent/Shapes/Shape_Wedge_B.uasset" 121
"../../../FireAndIce/Content/StarterContent/Shapes/Shape_WideCapsule.uasset" 122
"../../../FireAndIce/Content/Textures/GlassNormal.uasset" 123
"../../../FireAndIce/Content/Mannequin/Animations/ThirdPerson_Jump.uasset" 124
"../../../FireAndIce/Content/Mannequin/Animations/ThirdPersonJump_Loop.uasset" 125
"../../../FireAndIce/Content/Mannequin/Animations/ThirdPersonJump_Start.uasset" 126
"../../../FireAndIce/Content/Mannequin/Animations/ThirdPersonIdle.uasset" 127
"../../../FireAndIce/Content/Mannequin/Animations/ThirdPersonRun.uasset" 128
"../../../FireAndIce/Content/Mannequin/Animations/ThirdPersonWalk.uasset" 129
"../../../FireAndIce/Content/Mannequin/Animations/ThirdPerson_IdleRun_2D.uasset" 130
"../../../Engine/Content/EditorBlueprintResources/StandardMacros.uasset" 131
"../../../FireAndIce/Content/Mannequin/Animations/ThirdPerson_AnimBP.uasset" 132
"../../../Engine/Content/Functions/MaterialLayerFunctions/MatLayerBlend_NormalBlend.uasset" 133
"../../../Engine/Content/Functions/MaterialLayerFunctions/MatLayerBlend_Simple.uasset" 134
"../../../FireAndIce/Content/Mannequin/Character/Materials/MaterialLayers/T_ML_Rubber_Blue_01_D.uasset" 135
"../../../FireAndIce/Content/Mannequin/Character/Materials/MaterialLayers/T_ML_Rubber_Blue_01_N.uasset" 136
"../../../FireAndIce/Content/Mannequin/Character/Materials/MaterialLayers/ML_GlossyBlack_Latex_UE4.uasset" 137
"../../../FireAndIce/Content/Mannequin/Character/Materials/MaterialLayers/ML_Plastic_Shiny_Beige.uasset" 138
"../../../FireAndIce/Content/Mannequin/Character/Textures/UE4_LOGO_CARD.uasset" 139
"../../../FireAndIce/Content/Mannequin/Character/Materials/MaterialLayers/ML_Plastic_Shiny_Beige_LOGO.uasset" 140
"../../../FireAndIce/Content/Mannequin/Character/Materials/MaterialLayers/T_ML_Aluminum01.uasset" 141
"../../../FireAndIce/Content/Mannequin/Character/Materials/MaterialLayers/T_ML_Aluminum01_N.uasset" 142
"../../../FireAndIce/Content/Mannequin/Character/Materials/MaterialLayers/ML_SoftMetal_UE4.uasset" 143
"../../../FireAndIce/Content/Mannequin/Character/Textures/UE4_Mannequin__normals.uasset" 144
"../../../FireAndIce/Content/Mannequin/Character/Textures/UE4_Mannequin_MAT_MASKA.uasset" 145
"../../../FireAndIce/Content/Mannequin/Character/Materials/M_UE4Man_Body.uasset" 146
"../../../FireAndIce/Content/Mannequin/Character/Textures/UE4Man_Logo_N.uasset" 147
"../../../FireAndIce/Content/Mannequin/Character/Materials/M_UE4Man_ChestLogo.uasset" 148
"../../../FireAndIce/Content/Mannequin/Character/Mesh/SK_Mannequin_PhysicsAsset.uasset" 149
"../../../FireAndIce/Content/Mannequin/Character/Mesh/SK_Mannequin.uasset" 150
"../../../FireAndIce/Content/ThirdPersonBP/Blueprints/ThirdPersonCharacter.uasset" 151
"../../../FireAndIce/Content/ThirdPersonBP/Blueprints/ThirdPersonGameMode.uasset" 152
"../../../FireAndIce/Content/UserInterface/WB_HealthHUD.uasset" 153
"../../../Engine/Content/Functions/Engine_MaterialFunctions01/Opacity/CameraDepthFade.uasset" 154
"../../../Engine/Content/EngineMaterials/T_Default_Material_Grid_M.uasset" 155
"../../../Engine/Content/EngineMaterials/T_Default_Material_Grid_N.uasset" 156
"../../../Engine/Content/EngineMaterials/DefaultMaterial.uasset" 157
"../../../Engine/Content/BasicShapes/Cone.uasset" 158
"../../../Engine/Content/BasicShapes/Cylinder.uasset" 159
"../../../Engine/Content/EngineMaterials/WorldGridMaterial.uasset" 160
"../../../Engine/Content/BasicShapes/Plane.uasset" 161
"../../../Engine/Content/BasicShapes/Sphere.uasset" 162
"../../../Engine/Content/EditorLandscapeResources/DataLayer.uasset" 163
"../../../Engine/Content/EditorMaterials/GizmoMaterial.uasset" 164
"../../../Engine/Content/EditorMaterials/MAT_Groups_Toggle.uasset" 165
"../../../Engine/Content/EditorMaterials/MAT_Groups_Visibility.uasset" 166
"../../../Engine/Content/EditorMaterials/PreviewShadowIndicator.uasset" 167
"../../../Engine/Content/EditorMaterials/PreviewShadowIndicatorMaterial.uasset" 168
"../../../Engine/Content/EditorMaterials/MatineeGroups/MAT_ColorTrack.uasset" 169
"../../../Engine/Content/EditorMaterials/MatineeGroups/MAT_Groups_Anim.uasset" 170
"../../../Engine/Content/EditorMaterials/MatineeGroups/MAT_Groups_AudioMaster.uasset" 171
"../../../Engine/Content/EditorMaterials/MatineeGroups/MAT_Groups_Director.uasset" 172
"../../../Engine/Content/EditorMaterials/MatineeGroups/MAT_Groups_Event.uasset" 173
"../../../Engine/Content/EditorMaterials/MatineeGroups/MAT_Groups_Fade.uasset" 174
"../../../Engine/Content/EditorMaterials/MatineeGroups/MAT_Groups_Float.uasset" 175
"../../../Engine/Content/EditorMaterials/MatineeGroups/MAT_Groups_Move.uasset" 176
"../../../Engine/Content/EditorMaterials/MatineeGroups/MAT_Groups_Slomo.uasset" 177
"../../../Engine/Content/EditorMaterials/MatineeGroups/MAT_Groups_Sound.uasset" 178
"../../../Engine/Content/EditorMaterials/MatineeGroups/MAT_Groups_Vector.uasset" 179
"../../../Engine/Content/EditorMaterials/ParticleSystems/PSysThumbnail_NoImage.uasset" 180
"../../../Engine/Content/EditorMaterials/ParticleSystems/PSysThumbnail_OOD.uasset" 181
"../../../Engine/Content/EditorMaterials/Camera/CineMat.uasset" 182
"../../../Engine/Content/EditorMaterials/Camera/MI_CineMat_Rig.uasset" 183
"../../../Engine/Content/EditorMeshes/Camera/SM_CraneRig_Arm.uasset" 184
"../../../Engine/Content/EditorMeshes/Camera/SM_CraneRig_Base.uasset" 185
"../../../Engine/Content/EditorMeshes/Camera/SM_CraneRig_Body.uasset" 186
"../../../Engine/Content/EditorMeshes/Camera/SM_CraneRig_Mount.uasset" 187
"../../../Engine/Content/EditorMeshes/Camera/SM_RailRig_Mount.uasset" 188
"../../../Engine/Content/EditorMeshes/Camera/SM_RailRig_Track.uasset" 189
"../../../Engine/Content/EditorResources/BSPVertex.uasset" 190
"../../../Engine/Content/EditorResources/EmptyActor.uasset" 191
"../../../Engine/Content/EditorResources/S_Actor.uasset" 192
"../../../Engine/Content/EditorResources/S_Trigger.uasset" 193
"../../../Engine/Content/EditorResources/AudioIcons/S_AudioComponent.uasset" 194
"../../../Engine/Content/EditorResources/AudioIcons/S_AudioComponent_AutoActivate.uasset" 195
"../../../Engine/Content/EditorResources/LightIcons/S_LightError.uasset" 196
"../../../Engine/Content/EditorResources/SequenceRecorder/Countdown.uasset" 197
"../../../Engine/Content/EditorResources/SequenceRecorder/RecordingIndicator.uasset" 198
"../../../Engine/Content/EditorSounds/Notifications/CompileFailed.uasset" 199
"../../../Engine/Content/EditorSounds/Notifications/CompileFailed_Cue.uasset" 200
"../../../Engine/Content/EditorSounds/Notifications/CompileSuccess.uasset" 201
"../../../Engine/Content/EditorSounds/Notifications/CompileStart_Cue.uasset" 202
"../../../Engine/Content/EditorSounds/Notifications/CompileSuccess_Cue.uasset" 203
"../../../Engine/Content/EngineDamageTypes/DmgTypeBP_Environmental.uasset" 204
"../../../Engine/Content/EngineDebugMaterials/HeatmapGradient.uasset" 205
"../../../Engine/Content/EngineDebugMaterials/BoneWeightMaterial.uasset" 206
"../../../Engine/Content/EngineDebugMaterials/ClothMaterial.uasset" 207
"../../../Engine/Content/EngineDebugMaterials/ClothMaterial_WF.uasset" 208
"../../../Engine/Content/EngineDebugMaterials/DebugEditorMaterial.uasset" 209
"../../../Engine/Content/EngineDebugMaterials/DebugMeshMaterial.uasset" 210
"../../../Engine/Content/EngineDebugMaterials/GeomMaterial.uasset" 211
"../../../Engine/Content/EngineFonts/Faces/RobotoBold.uasset" 212
"../../../Engine/Content/EngineFonts/Faces/RobotoBoldItalic.uasset" 213
"../../../Engine/Content/EngineFonts/Faces/RobotoItalic.uasset" 214
"../../../Engine/Content/EngineFonts/Faces/RobotoLight.uasset" 215
"../../../Engine/Content/EngineFonts/Faces/RobotoRegular.uasset" 216
"../../../Engine/Content/EngineFonts/Roboto.uasset" 217
"../../../Engine/Content/EngineFonts/Faces/RobotoTiny.uasset" 218
"../../../Engine/Content/EngineFonts/RobotoTiny.uasset" 219
"../../../Engine/Content/EngineMaterials/DefaultBloomKernel.uasset" 220
"../../../Engine/Content/EngineMaterials/DefaultBokeh.uasset" 221
"../../../Engine/Content/EngineMaterials/DefaultDiffuse.uasset" 222
"../../../Engine/Content/EngineMaterials/DefaultDeferredDecalMaterial.uasset" 223
"../../../Engine/Content/EngineMaterials/DefaultLightFunctionMaterial.uasset" 224
"../../../Engine/Content/EngineMaterials/DefaultPhysicalMaterial.uasset" 225
"../../../Engine/Content/Functions/Engine_MaterialFunctions02/Utility/BreakOutFloat2Components.uasset" 226
"../../../Engine/Content/EngineMaterials/DefaultPostProcessMaterial.uasset" 227
"../../../Engine/Content/EngineFonts/RobotoDistanceField.uasset" 228
"../../../Engine/Content/EngineMaterials/DefaultTextMaterialOpaque.uasset" 229
"../../../Engine/Content/EngineMaterials/DefaultWhiteGrid.uasset" 230
"../../../Engine/Content/EngineMaterials/EditorBrushMaterial.uasset" 231
"../../../Engine/Content/EngineMaterials/Good64x64TilingNoiseHighFreq.uasset" 232
"../../../Engine/Content/EngineMaterials/MiniFont.uasset" 233
"../../../Engine/Content/EngineMaterials/InvalidLightmapSettings.uasset" 234
"../../../Engine/Content/EngineMaterials/M_InvalidLightmapSettings.uasset" 235
"../../../Engine/Content/Functions/Engine_MaterialFunctions02/WorldPositionOffset/CameraOffset.uasset" 236
"../../../Engine/Content/EngineMaterials/PhAT_JointLimitMaterial.uasset" 237
"../../../Engine/Content/EngineMaterials/PreintegratedSkinBRDF.uasset" 238
"../../../Engine/Content/EngineMaterials/RemoveSurfaceMaterial.uasset" 239
"../../../Engine/Content/EngineMaterials/WeightMapPlaceholderTexture.uasset" 240
"../../../Engine/Content/EngineResources/WhiteSquareTexture.uasset" 241
"../../../Engine/Content/EngineMaterials/Widget3DPassThrough.uasset" 242
"../../../Engine/Content/EngineMaterials/Widget3DPassThrough_Masked.uasset" 243
"../../../Engine/Content/EngineMaterials/Widget3DPassThrough_Opaque.uasset" 244
"../../../Engine/Content/EngineMaterials/Widget3DPassThrough_Masked_OneSided.uasset" 245
"../../../Engine/Content/EngineMaterials/Widget3DPassThrough_Opaque_OneSided.uasset" 246
"../../../Engine/Content/EngineMaterials/Widget3DPassThrough_Translucent.uasset" 247
"../../../Engine/Content/EngineMaterials/Widget3DPassThrough_Translucent_OneSided.uasset" 248
"../../../Engine/Content/EngineMeshes/Cube.uasset" 249
"../../../Engine/Content/EngineMeshes/Cylinder.uasset" 250
"../../../Engine/Content/EngineMeshes/Sphere.uasset" 251
"../../../Engine/Content/EngineResources/Black.uasset" 252
"../../../Engine/Content/EngineResources/DefaultTexture.uasset" 253
"../../../Engine/Content/EngineResources/DefaultTextureCube.uasset" 254
"../../../Engine/Content/EngineResources/GradientTexture0.uasset" 255
"../../../Engine/Content/EngineSounds/Master.uasset" 256
"../../../Engine/Content/Functions/Engine_MaterialFunctions01/Shading/ConvertFromDiffSpec.uasset" 257
"../../../Engine/Content/Functions/Engine_MaterialFunctions01/Shading/PowerToRoughness.uasset" 258
"../../../Engine/Content/Maps/Templates/Thumbnails/Default.uasset" 259
"../../../Engine/Content/Maps/Templates/Thumbnails/VR-Basic.uasset" 260
"../../../Engine/Content/MobileResources/T_MobileControls_texture.uasset" 261
"../../../Engine/Content/MobileResources/T_MobileMenu2.uasset" 262
"../../../Engine/Content/MobileResources/HUD/AnalogHat.uasset" 263
"../../../Engine/Content/MobileResources/HUD/VirtualJoystick_Background.uasset" 264
"../../../Engine/Content/MobileResources/HUD/VirtualJoystick_Thumb.uasset" 265
"../../../Engine/Content/MobileResources/HUD/DefaultVirtualJoysticks.uasset" 266
"../../../Engine/Content/MobileResources/HUD/LeftVirtualJoystickOnly.uasset" 267
"../../../Engine/Content/MobileResources/HUD/MobileHUDButton1_off.uasset" 268
"../../../Engine/Content/MobileResources/HUD/MobileHUDButton1_on.uasset" 269
"../../../Engine/Content/MobileResources/HUD/MobileHUDButton2_off.uasset" 270
"../../../Engine/Content/MobileResources/HUD/MobileHUDButton2_on.uasset" 271
"../../../Engine/Content/MobileResources/HUD/MobileHUDButton3.uasset" 272
"../../../Engine/Content/MobileResources/HUD/MobileHUDButtonFire.uasset" 273
"../../../Engine/Content/MobileResources/HUD/MobileHUDDirectionPad.uasset" 274
"../../../Engine/Content/MobileResources/HUD/MobileHUDDirectionPad2.uasset" 275
"../../../Engine/Content/MobileResources/HUD/MobileHUDDirectionPad3.uasset" 276
"../../../Engine/Content/MobileResources/HUD/MobileHUDDirectionStick.uasset" 277
"../../../Engine/Content/MobileResources/HUD/T_Castle_ThumbstickInner.uasset" 278
"../../../Engine/Content/MobileResources/HUD/T_Castle_ThumbstickOutter.uasset" 279
"../../../Engine/Content/Tutorial/ContentIntroCurve.uasset" 280
"../../../Engine/Content/Tutorial/Basics/TutorialAssets/icon_tab_Levels_40x.uasset" 281
"../../../Engine/Content/Tutorial/BlueprintTutorials/TutorialAssets/BlueprintInterface_64x.uasset" 282
"../../../Engine/Content/Tutorial/BlueprintTutorials/TutorialAssets/BlueprintMacroLibrary_64x.uasset" 283
"../../../Engine/Content/Tutorial/BlueprintTutorials/TutorialAssets/Blueprint_64x.uasset" 284
"../../../Engine/Content/Tutorial/BlueprintTutorials/TutorialAssets/Tutorial_BP_Interface.uasset" 285
"../../../Engine/Content/Tutorial/Foliage/TutorialAssets/Foliage.uasset" 286
"../../../Engine/Content/Tutorial/Landscape/TutorialAssets/Landscape.uasset" 287
"../../../Engine/Content/Tutorial/Paper2D/TutorialAssets/Paper2DFlipbook_TutorialIcon.uasset" 288
"../../../Engine/Content/Tutorial/Paper2D/TutorialAssets/Paper2DSprite_TutorialIcon.uasset" 289
"../../../Engine/Content/Tutorial/SubEditors/TutorialAssets/icon_Editor_Preferences_General_40x.uasset" 290
"../../../Engine/Content/Tutorial/SubEditors/TutorialAssets/icon_ShowSkeletalMeshes_40x.uasset" 291
"../../../Engine/Content/Tutorial/SubEditors/TutorialAssets/TutorialMaterial.uasset" 292
"../../../Engine/Content/Tutorial/SubEditors/TutorialAssets/T_SmokeSubUV_8X8.uasset" 293
"../../../Engine/Content/Tutorial/SubEditors/TutorialAssets/T_soft_smoke.uasset" 294
"../../../Engine/Content/Tutorial/SubEditors/TutorialAssets/M_smoke_subUV_blackbody.uasset" 295
"../../../Engine/Content/Tutorial/SubEditors/TutorialAssets/TutorialParticleSystem.uasset" 296
"../../../Engine/Content/VREditor/Devices/Generic/GenericHMDMaterial.uasset" 297
"../../../Engine/Content/VREditor/Devices/Generic/GenericHMD.uasset" 298
"../../../Engine/Content/VREditor/FloatingText/LineMaterial.uasset" 299
"../../../Engine/Content/VREditor/FloatingText/JointSphere.uasset" 300
"../../../Engine/Content/VREditor/FloatingText/LineSegmentCylinder.uasset" 301
"../../../Engine/Content/VREditor/Fonts/VRText_RobotoLarge.uasset" 302
"../../../Engine/Content/VREditor/Fonts/VRTextMaterial.uasset" 303
"../../../Engine/Content/VREditor/Fonts/TranslucentVRTextMaterial.uasset" 304
"../../../Engine/Content/VREditor/LaserPointer/CursorPointer.uasset" 305
"../../../Engine/Content/VREditor/LaserPointer/VR_LaserPower_01.uasset" 306
"../../../Engine/Content/VREditor/TransformGizmo/TransformGizmoMaterial.uasset" 307
"../../../Engine/Content/VREditor/LaserPointer/HoverMaterial.uasset" 308
"../../../Engine/Content/VREditor/TransformGizmo/TranslucentTransformGizmoMaterial.uasset" 309
"../../../Engine/Content/VREditor/LaserPointer/TranslucentHoverMaterial.uasset" 310
"../../../Engine/Content/VREditor/LaserPointer/HoverMesh.uasset" 311
"../../../Engine/Content/VREditor/LaserPointer/LaserPointerMaterial.uasset" 312
"../../../Engine/Content/VREditor/LaserPointer/LaserPointerMaterialInst.uasset" 313
"../../../Engine/Content/VREditor/LaserPointer/TranslucentLaserPointerMaterialInst.uasset" 314
"../../../Engine/Content/VREditor/LaserPointer/LaserPointerMesh.uasset" 315
"../../../Engine/Content/VREditor/LaserPointer/LaserPointerMesh_End.uasset" 316
"../../../Engine/Content/VREditor/LaserPointer/LaserPointerMesh_Start.uasset" 317
"../../../Engine/Content/Functions/Engine_MaterialFunctions02/Utility/BreakOutFloat3Components.uasset" 318
"../../../Engine/Content/Functions/Engine_MaterialFunctions02/Math/Transform3x3Matrix.uasset" 319
"../../../Engine/Content/Functions/Engine_MaterialFunctions02/SplitComponents.uasset" 320
"../../../Engine/Content/Functions/Engine_MaterialFunctions02/Utility/MakeFloat3.uasset" 321
"../../../Engine/Content/VREditor/SnapGrid/SnapGridMaterial.uasset" 322
"../../../Engine/Content/VREditor/SnapGrid/SnapGridPlaneMesh.uasset" 323
"../../../Engine/Content/VREditor/Sounds/VR_teleport.uasset" 324
"../../../Engine/Content/VREditor/Sounds/UI/Click_on_Button_Cue.uasset" 325
"../../../Engine/Content/VREditor/Sounds/UI/Dockable_Window_Close.uasset" 326
"../../../Engine/Content/VREditor/Sounds/UI/Dockable_Window_Drop.uasset" 327
"../../../Engine/Content/VREditor/Sounds/UI/Dockable_Window_Open.uasset" 328
"../../../Engine/Content/VREditor/Sounds/UI/Dockable_Window_Pick_Up.uasset" 329
"../../../Engine/Content/VREditor/Sounds/UI/Drop_Item_From_ContentBrowser.uasset" 330
"../../../Engine/Content/VREditor/Sounds/UI/Floating_UI_Open-001.uasset" 331
"../../../Engine/Content/VREditor/Sounds/UI/Gizmo_Handle_Clicked.uasset" 332
"../../../Engine/Content/VREditor/Sounds/UI/Object_PickUp.uasset" 333
"../../../Engine/Content/VREditor/Sounds/UI/Object_Snaps_To_Another_Actor.uasset" 334
"../../../Engine/Content/VREditor/Sounds/UI/Object_Snaps_To_Grid.uasset" 335
"../../../Engine/Content/VREditor/Sounds/UI/Radial_Menu_FadeOut.uasset" 336
"../../../Engine/Content/VREditor/Sounds/UI/Scaling_Down.uasset" 337
"../../../Engine/Content/VREditor/Sounds/UI/Scaling_Up.uasset" 338
"../../../Engine/Content/VREditor/Sounds/UI/Selection_Changes.uasset" 339
"../../../Engine/Content/VREditor/Sounds/UI/Teleport_Mode_Entered.uasset" 340
"../../../Engine/Content/VREditor/Teleport/TeleportDirectionMaterial.uasset" 341
"../../../Engine/Content/VREditor/Teleport/TeleportDirectionMaterial_Inst.uasset" 342
"../../../Engine/Content/VREditor/Teleport/TeleportDirectionMesh.uasset" 343
"../../../Engine/Content/VREditor/TransformGizmo/BoundingBoxCorner.uasset" 344
"../../../Engine/Content/VREditor/TransformGizmo/BoundingBoxEdge.uasset" 345
"../../../Engine/Content/VREditor/TransformGizmo/PlaneTranslationHandle.uasset" 346
"../../../Engine/Content/VREditor/TransformGizmo/RotationHandleFull.uasset" 347
"../../../Engine/Content/VREditor/TransformGizmo/RotationHandleIndicator.uasset" 348
"../../../Engine/Content/VREditor/TransformGizmo/RotationHandleQuarter.uasset" 349
"../../../Engine/Content/VREditor/TransformGizmo/Main.uasset" 350
"../../../Engine/Content/VREditor/TransformGizmo/Xray.uasset" 351
"../../../Engine/Content/VREditor/TransformGizmo/SM_Dialog_Close.uasset" 352
"../../../Engine/Content/VREditor/TransformGizmo/SM_Dialog_Move.uasset" 353
"../../../Engine/Content/VREditor/TransformGizmo/SM_Sequencer_Key.uasset" 354
"../../../Engine/Content/VREditor/TransformGizmo/SM_Sequencer_Node.uasset" 355
"../../../Engine/Content/VREditor/TransformGizmo/StartRotationHandleIndicator.uasset" 356
"../../../Engine/Content/VREditor/TransformGizmo/TranslucentTransformGizmoMaterial_Inst.uasset" 357
"../../../Engine/Content/VREditor/TransformGizmo/TransformGizmoFreeRotation.uasset" 358
"../../../Engine/Content/VREditor/TransformGizmo/TransformGizmoMaterial_Inst.uasset" 359
"../../../Engine/Content/VREditor/TransformGizmo/TranslateArrowHandle.uasset" 360
"../../../Engine/Content/VREditor/TransformGizmo/UniformScaleHandle.uasset" 361
"../../../Engine/Content/VREditor/UI/KeyDiskMaterial.uasset" 362
"../../../Engine/Content/VREditor/UI/DiscMaterial.uasset" 363
"../../../Engine/Content/VREditor/UI/SM_Radial_Disk.uasset" 364
"../../../Engine/Content/VREditor/WorldMovementGrid/SimpleGrid.uasset" 365
"../../../Engine/Content/VREditor/WorldMovementGrid/GridMaterial.uasset" 366
"../../../Engine/Content/Functions/Engine_MaterialFunctions01/Density/ExponentialDensity.uasset" 367
"../../../Engine/Content/VREditor/WorldMovementGrid/GridPostProcess.uasset" 368
"../../../Engine/Content/EditorLandscapeResources/FlattenHeightMat.uasset" 369
"../../../Engine/Content/VREditor/WorldMovementGrid/PlaneMesh.uasset" 370
"../../../Engine/Plugins/2D/Paper2D/Content/PlaceholderTextures/DummySpriteTexture.uasset" 371
"../../../Engine/Plugins/2D/Paper2D/Content/DummySprite.uasset" 372
"../../../Engine/Plugins/2D/Paper2D/Content/DefaultPaperTerrainMaterial.uasset" 373
"../../../Engine/Plugins/2D/Paper2D/Content/DefaultSpriteMaterial.uasset" 374
"../../../Engine/Plugins/2D/Paper2D/Content/MaskedUnlitSpriteMaterial.uasset" 375
"../../../Engine/Plugins/2D/Paper2D/Content/OpaqueUnlitSpriteMaterial.uasset" 376
"../../../Engine/Plugins/Media/MediaCompositing/Content/DefaultMediaPlaneMaterial.uasset" 377
"../../../Engine/Content/Functions/Engine_MaterialFunctions02/Utility/MakeFloat4.uasset" 378
"../../../Engine/Plugins/Runtime/AppleARKit/Content/ARKitCameraMaterial.uasset" 379
"../../../Engine/Plugins/Runtime/Oculus/OculusVR/Content/Textures/GearVRController_AO.uasset" 380
"../../../Engine/Plugins/Runtime/Oculus/OculusVR/Content/Textures/GearVRController_Color.uasset" 381
"../../../Engine/Plugins/Runtime/Oculus/OculusVR/Content/Textures/GearVRController_Normal.uasset" 382
"../../../Engine/Plugins/Runtime/Oculus/OculusVR/Content/Materials/GearVRControllerMaterial.uasset" 383
"../../../Engine/Plugins/Runtime/Oculus/OculusVR/Content/Meshes/GearVrController.uasset" 384
"../../../FireAndIce/Content/Maps/LoadingLevel.umap" 385
"../../../FireAndIce/Content/FireSpirit/T-Pose_Anim_Take_001.uasset" 386
"../../../FireAndIce/Content/Blueprints/HUD_FireandIce.uasset" 387
"../../../FireAndIce/Content/Blueprints/PC_FireandIce.uasset" 388
"../../../FireAndIce/Content/Blueprints/GM_FireAndIce.uasset" 389
"../../../FireAndIce/Content/StarterContent/Shapes/Shape_Sphere.uasset" 390
"../../../FireAndIce/Content/Blueprints/Projectile_Base.uasset" 391
"../../../FireAndIce/Content/Blueprints/Projectile_Fire.uasset" 392
"../../../FireAndIce/Content/Blueprints/Projectile_Ice.uasset" 393
"../../../FireAndIce/Content/FireSpirit/Eyes_Mat.uasset" 394
"../../../FireAndIce/Content/FireSpirit/03_-_Default.uasset" 395
"../../../FireAndIce/Content/FireSpirit/Body_Mat.uasset" 396
"../../../FireAndIce/Content/FireSpirit/BodyMat.uasset" 397
"../../../FireAndIce/Content/FireSpirit/T-Pose_PhysicsAsset.uasset" 398
"../../../FireAndIce/Content/FireSpirit/T-Pose.uasset" 399
"../../../FireAndIce/Content/Blueprints/FireSpirit_Character.uasset" 400
"../../../Engine/Content/EngineSky/C_Sky_Cloud_Color.uasset" 401
"../../../Engine/Content/EngineSky/C_Sky_Horizon_Color.uasset" 402
"../../../Engine/Content/EngineSky/C_Sky_Zenith_Color.uasset" 403
"../../../Engine/Content/EngineSky/T_Sky_Blue.uasset" 404
"../../../Engine/Content/EngineSky/T_Sky_Clouds_M.uasset" 405
"../../../Engine/Content/EngineSky/T_Sky_Stars.uasset" 406
"../../../Engine/Content/EngineSky/M_Sky_Panning_Clouds2.uasset" 407
"../../../Engine/Content/EngineSky/SM_SkySphere.uasset" 408
"../../../Engine/Content/EngineSky/BP_Sky_Sphere.uasset" 409
"../../../FireAndIce/Content/Materials/M_BluePlastic.uasset" 410
"../../../FireAndIce/Content/Textures/Chairs/PlasticAO.uasset" 411
"../../../FireAndIce/Content/Textures/Chairs/PlasticNormal.uasset" 412
"../../../FireAndIce/Content/Textures/Chairs/PlasticRoughness.uasset" 413
"../../../FireAndIce/Content/Materials/M_Chairs.uasset" 414
"../../../FireAndIce/Content/Materials/M_Counter.uasset" 415
"../../../FireAndIce/Content/Materials/M_Dark_Glass.uasset" 416
"../../../FireAndIce/Content/Textures/Floor/Albedo.uasset" 417
"../../../FireAndIce/Content/Textures/Floor/AO.uasset" 418
"../../../FireAndIce/Content/Textures/Floor/Normal.uasset" 419
"../../../FireAndIce/Content/Textures/Floor/Roughness.uasset" 420
"../../../FireAndIce/Content/Materials/M_Floor.uasset" 421
"../../../FireAndIce/Content/Materials/M_FumeHood.uasset" 422
"../../../FireAndIce/Content/Materials/M_GreenPlastic.uasset" 423
"../../../FireAndIce/Content/Materials/M_Light_Glass.uasset" 424
"../../../FireAndIce/Content/Materials/M_RedPlastic.uasset" 425
"../../../FireAndIce/Content/Materials/M_Walls.uasset" 426
"../../../FireAndIce/Content/Materials/M_WindowMat.uasset" 427
"../../../FireAndIce/Content/Textures/Cabinets/Wood2.uasset" 428
"../../../FireAndIce/Content/Materials/M_Wood.uasset" 429
"../../../FireAndIce/Content/Materials/M_YellowPlastic.uasset" 430
"../../../FireAndIce/Content/StarterContent/Textures/T_MacroVariation.uasset" 431
"../../../FireAndIce/Content/StarterContent/Materials/M_Metal_Brushed_Nickel.uasset" 432
"../../../FireAndIce/Content/StarterContent/Textures/T_Metal_Aluminum_D.uasset" 433
"../../../FireAndIce/Content/StarterContent/Textures/T_Metal_Gold_N.uasset" 434
"../../../FireAndIce/Content/StarterContent/Materials/M_Metal_Burnished_Steel.uasset" 435
"../../../FireAndIce/Content/StarterContent/Materials/M_Metal_Chrome.uasset" 436
"../../../FireAndIce/Content/StarterContent/Textures/T_Metal_Copper_D.uasset" 437
"../../../FireAndIce/Content/StarterContent/Materials/M_Metal_Copper.uasset" 438
"../../../FireAndIce/Content/StarterContent/Textures/T_Metal_Gold_D.uasset" 439
"../../../FireAndIce/Content/StarterContent/Materials/M_Metal_Gold.uasset" 440
"../../../FireAndIce/Content/Geometry/Meshes/CubeMaterial.uasset" 441
"../../../FireAndIce/Content/Geometry/Meshes/1M_Cube.uasset" 442
"../../../FireAndIce/Content/Meshes/BottomCabinetsandCounter1_Box003.uasset" 443
"../../../FireAndIce/Content/Meshes/BottomCabinetsandCounter1_pCube8.uasset" 444
"../../../FireAndIce/Content/Meshes/BottomCabinetsandCounter2_Box007.uasset" 445
"../../../FireAndIce/Content/Meshes/BottomCabinetsandCounter2_Cylinder001.uasset" 446
"../../../FireAndIce/Content/Meshes/BottomCabinetsandCounter2_pCube7.uasset" 447
"../../../FireAndIce/Content/Meshes/BottomCabinetsandCounter3_Box011.uasset" 448
"../../../FireAndIce/Content/Meshes/BottomCabinetsandCounter3_MainCounterTop1.uasset" 449
"../../../FireAndIce/Content/Meshes/Chairs_pCube17.uasset" 450
"../../../FireAndIce/Content/Meshes/Chairs_pCube18.uasset" 451
"../../../FireAndIce/Content/Meshes/Chairs_pCube19.uasset" 452
"../../../FireAndIce/Content/Meshes/Chairs_pCube20.uasset" 453
"../../../FireAndIce/Content/Meshes/CounterStuff1_pCylinder6.uasset" 454
"../../../FireAndIce/Content/Meshes/CounterStuff1_Screen4.uasset" 455
"../../../FireAndIce/Content/Meshes/CounterStuff2_pCube6.uasset" 456
"../../../FireAndIce/Content/Meshes/CounterStuff2_Screen3.uasset" 457
"../../../FireAndIce/Content/Meshes/CounterStuff3_pCylinder5.uasset" 458
"../../../FireAndIce/Content/Meshes/CounterStuff3_Screen1.uasset" 459
"../../../FireAndIce/Content/Meshes/CounterStuff4_pCube4.uasset" 460
"../../../FireAndIce/Content/Meshes/CounterStuff4_pCube5.uasset" 461
"../../../FireAndIce/Content/Meshes/CounterStuff4_pCylinder3.uasset" 462
"../../../FireAndIce/Content/Meshes/CounterStuff4_pCylinder4.uasset" 463
"../../../FireAndIce/Content/Meshes/CounterStuff5_Screen2.uasset" 464
"../../../FireAndIce/Content/Meshes/GlassWallThing_Glass_Case.uasset" 465
"../../../FireAndIce/Content/Meshes/Lights_pCube30.uasset" 466
"../../../FireAndIce/Content/Meshes/Lights_pCube32.uasset" 467
"../../../FireAndIce/Content/Meshes/Lights_pCube33.uasset" 468
"../../../FireAndIce/Content/Meshes/Lights_pCube34.uasset" 469
"../../../FireAndIce/Content/Meshes/Lights_pCube35.uasset" 470
"../../../FireAndIce/Content/Meshes/Lights_pCube36.uasset" 471
"../../../FireAndIce/Content/Meshes/Lights_pCube37.uasset" 472
"../../../FireAndIce/Content/Meshes/Lights_pCube38.uasset" 473
"../../../FireAndIce/Content/Meshes/Roof_Object001.uasset" 474
"../../../FireAndIce/Content/Meshes/THISBETTERFUCKINGWORK_VentHood4.uasset" 475
"../../../FireAndIce/Content/Meshes/THISBETTERFUCKINGWORK_VentHood5.uasset" 476
"../../../FireAndIce/Content/Meshes/THISBETTERFUCKINGWORK_VentHood6.uasset" 477
"../../../FireAndIce/Content/Meshes/TopCabinets1_Box004.uasset" 478
"../../../FireAndIce/Content/Meshes/TrashBins2_pCube44.uasset" 479
"../../../FireAndIce/Content/Meshes/TrashBins2_pCube45.uasset" 480
"../../../FireAndIce/Content/Meshes/TrashBins_Cylinder003.uasset" 481
"../../../FireAndIce/Content/Meshes/TrashBins_Cylinder004.uasset" 482
"../../../FireAndIce/Content/Meshes/Floor.uasset" 483
"../../../FireAndIce/Content/Meshes/WallsandFloor_Plane001.uasset" 484
"../../../FireAndIce/Content/Meshes/Window1_pCube42.uasset" 485
"../../../FireAndIce/Content/Meshes/Window2_pCube43.uasset" 486
"../../../FireAndIce/Content/Maps/LV_LabRoom.umap" 487
"../../../FireAndIce/Content/Blueprints/Platform_Moving.uasset" 488
"../../../FireAndIce/Content/Meshes/Outdated/V2/RoomGrayBox2_AboveCounter1.uasset" 489
"../../../FireAndIce/Content/Meshes/Outdated/V2/RoomGrayBox2_BigCounter.uasset" 490
"../../../FireAndIce/Content/Meshes/Outdated/V2/RoomGrayBox2_Chair1.uasset" 491
"../../../FireAndIce/Content/Meshes/Outdated/V2/RoomGrayBox2_Chair2.uasset" 492
"../../../FireAndIce/Content/Meshes/Outdated/V2/RoomGrayBox2_Chair3.uasset" 493
"../../../FireAndIce/Content/Meshes/Outdated/V2/RoomGrayBox2_Counter1.uasset" 494
"../../../FireAndIce/Content/Meshes/Outdated/V2/RoomGrayBox2_Counter2.uasset" 495
"../../../FireAndIce/Content/Meshes/Outdated/V2/RoomGrayBox2_CounterHolder.uasset" 496
"../../../FireAndIce/Content/Meshes/Outdated/V2/RoomGrayBox2_Roof.uasset" 497
"../../../FireAndIce/Content/Meshes/Outdated/V2/RoomGrayBox2_Room.uasset" 498
"../../../FireAndIce/Content/Meshes/Outdated/V2/RoomGrayBox2_Screen1.uasset" 499
"../../../FireAndIce/Content/Meshes/Outdated/V2/RoomGrayBox2_Screen2.uasset" 500
"../../../FireAndIce/Content/Meshes/Outdated/V2/RoomGrayBox2_Screen3.uasset" 501
"../../../FireAndIce/Content/Meshes/Outdated/V2/RoomGrayBox2_Screen4.uasset" 502
"../../../FireAndIce/Content/Meshes/Outdated/V2/RoomGrayBox2_Trash1.uasset" 503
"../../../FireAndIce/Content/Meshes/Outdated/V2/RoomGrayBox2_Trash2.uasset" 504
"../../../FireAndIce/Content/Meshes/Outdated/V2/RoomGrayBox2_VentHood1.uasset" 505
"../../../FireAndIce/Content/Meshes/Outdated/V2/RoomGrayBox2_VentHood2.uasset" 506
"../../../FireAndIce/Content/Meshes/Outdated/V2/RoomGrayBox2_VentHood3.uasset" 507
"../../../FireAndIce/Content/Maps/LV_LabRoomv1.umap" 508
"../../../FireAndIce/Content/Maps/LV_LabRoom_2.umap" 509
"../../../Engine/Content/BasicShapes/BasicShapeMaterial.uasset" 510
"../../../Engine/Content/BasicShapes/Cube.uasset" 511
"../../../FireAndIce/Content/Maps/LV_LabRoom_3.umap" 512
"../../../FireAndIce/Content/Blueprints/Water_Blueprint.uasset" 513
"../../../FireAndIce/Content/Maps/LV_LabRoom_4.umap" 514
"../../../FireAndIce/Content/Maps/LV_LabRoom_5.umap" 515
"../../../FireAndIce/Content/Maps/LV_LabRoom_6.umap" 516
"../../../FireAndIce/Content/Blueprints/Menu/BP_PC_Menu_FireandIce.uasset" 517
"../../../FireAndIce/Content/Blueprints/Menu/BP_MainMenu.uasset" 518
"../../../FireAndIce/Content/Blueprints/Menu/BP_GM_Menu_FireandIce.uasset" 519
"../../../FireAndIce/Content/Maps/LV_MainMenu_BuiltData.uasset" 520
"../../../FireAndIce/Content/Maps/LV_MainMenu.umap" 521
"../../../FireAndIce/Content/StarterContent/Blueprints/Assets/FogBrightnessLUT.uasset" 522
"../../../FireAndIce/Content/StarterContent/Blueprints/Assets/SunlightColorLUT.uasset" 523
"../../../FireAndIce/Content/StarterContent/Blueprints/Assets/M_LightStage_Arrows.uasset" 524
"../../../Engine/Content/MapTemplates/Sky/DaylightAmbientCubemap.uasset" 525
"../../../FireAndIce/Content/StarterContent/Blueprints/Assets/M_LightStage_Skybox_Master.uasset" 526
"../../../FireAndIce/Content/StarterContent/Blueprints/Assets/M_LightStage_Skybox_Black.uasset" 527
"../../../FireAndIce/Content/StarterContent/Blueprints/Assets/M_LightStage_Skybox_HDRI.uasset" 528
"../../../Engine/Content/EditorMaterials/Thumbnails/SkySphereMaterial.uasset" 529
"../../../FireAndIce/Content/StarterContent/Blueprints/Assets/Skybox.uasset" 530
"../../../FireAndIce/Content/StarterContent/Blueprints/Assets/SM_Arrows.uasset" 531
"../../../FireAndIce/Content/StarterContent/HDRI/HDRI_Epic_Courtyard_Daylight.uasset" 532
"../../../FireAndIce/Content/StarterContent/Blueprints/BP_LightStudio.uasset" 533
"../../../FireAndIce/Content/StarterContent/Maps/Advanced_Lighting_BuiltData.uasset" 534
"../../../Engine/Content/EditorMeshes/ColorCalibrator/M_ChromeBall.uasset" 535
"../../../Engine/Content/EditorMeshes/ColorCalibrator/M_ClearCoat.uasset" 536
"../../../Engine/Content/EditorMeshes/ColorCalibrator/M_ClearCoatBlack.uasset" 537
"../../../Engine/Content/EditorMeshes/ColorCalibrator/Color_checker.uasset" 538
"../../../Engine/Content/EditorMeshes/ColorCalibrator/M_ColorGrid.uasset" 539
"../../../Engine/Content/EditorMeshes/ColorCalibrator/M_GreyBall.uasset" 540
"../../../Engine/Content/EditorMeshes/ColorCalibrator/SM_ColorCalibrator.uasset" 541
"../../../FireAndIce/Content/StarterContent/Maps/Advanced_Lighting.umap" 542
"../../../FireAndIce/Content/StarterContent/Maps/Minimal_Default_BuiltData.uasset" 543
"../../../FireAndIce/Content/StarterContent/Textures/T_Statue_M.uasset" 544
"../../../FireAndIce/Content/StarterContent/Textures/T_Statue_N.uasset" 545
"../../../FireAndIce/Content/StarterContent/Props/Materials/M_StatueGlass.uasset" 546
"../../../FireAndIce/Content/StarterContent/Architecture/Floor_400x400.uasset" 547
"../../../FireAndIce/Content/StarterContent/Audio/Starter_Background_Cue.uasset" 548
"../../../FireAndIce/Content/StarterContent/Props/SM_Chair.uasset" 549
"../../../FireAndIce/Content/StarterContent/Props/Materials/M_Statue.uasset" 550
"../../../FireAndIce/Content/StarterContent/Props/SM_Statue.uasset" 551
"../../../FireAndIce/Content/StarterContent/Textures/T_TableRound_M.uasset" 552
"../../../FireAndIce/Content/StarterContent/Textures/T_TableRound_N.uasset" 553
"../../../FireAndIce/Content/StarterContent/Props/Materials/M_TableRound.uasset" 554
"../../../FireAndIce/Content/StarterContent/Props/SM_TableRound.uasset" 555
"../../../FireAndIce/Content/StarterContent/Maps/Minimal_Default.umap" 556
"../../../FireAndIce/Content/StarterContent/Audio/Fire01_Cue.uasset" 557
"../../../FireAndIce/Content/StarterContent/Textures/T_Fire_SubUV.uasset" 558
"../../../FireAndIce/Content/StarterContent/Textures/T_Fire_Tiled_D.uasset" 559
"../../../FireAndIce/Content/StarterContent/Particles/Materials/M_Fire_SubUV.uasset" 560
"../../../FireAndIce/Content/StarterContent/Textures/T_Water_N.uasset" 561
"../../../FireAndIce/Content/StarterContent/Particles/Materials/M_Heat_Distortion.uasset" 562
"../../../FireAndIce/Content/StarterContent/Particles/Materials/M_Radial_Gradient.uasset" 563
"../../../FireAndIce/Content/StarterContent/Particles/P_Fire.uasset" 564
"../../../FireAndIce/Content/StarterContent/Blueprints/Blueprint_Effect_Fire.uasset" 565
"../../../FireAndIce/Content/StarterContent/Audio/Smoke01_Cue.uasset" 566
"../../../FireAndIce/Content/StarterContent/Particles/P_Smoke.uasset" 567
"../../../FireAndIce/Content/StarterContent/Blueprints/Blueprint_Effect_Smoke.uasset" 568
"../../../FireAndIce/Content/StarterContent/Audio/Fire_Sparks01_Cue.uasset" 569
"../../../FireAndIce/Content/StarterContent/Textures/T_Spark_Core.uasset" 570
"../../../FireAndIce/Content/StarterContent/Particles/Materials/M_Spark.uasset" 571
"../../../FireAndIce/Content/StarterContent/Particles/P_Sparks.uasset" 572
"../../../FireAndIce/Content/StarterContent/Blueprints/Blueprint_Effect_Sparks.uasset" 573
"../../../FireAndIce/Content/StarterContent/Audio/Steam01_Cue.uasset" 574
"../../../FireAndIce/Content/StarterContent/Particles/P_Steam_Lit.uasset" 575
"../../../FireAndIce/Content/StarterContent/Blueprints/Blueprint_Effect_Steam.uasset" 576
"../../../FireAndIce/Content/StarterContent/Textures/T_Lamp_M.uasset" 577
"../../../FireAndIce/Content/StarterContent/Textures/T_Lamp_N.uasset" 578
"../../../FireAndIce/Content/StarterContent/Props/Materials/M_Lamp.uasset" 579
"../../../FireAndIce/Content/StarterContent/Props/SM_Lamp_Ceiling.uasset" 580
"../../../FireAndIce/Content/StarterContent/Blueprints/Blueprint_CeilingLight.uasset" 581
"../../../FireAndIce/Content/StarterContent/Props/SM_Lamp_Wall.uasset" 582
"../../../FireAndIce/Content/StarterContent/Blueprints/Blueprint_WallSconce.uasset" 583
"../../../FireAndIce/Content/StarterContent/Maps/StarterMap_BuiltData.uasset" 584
"../../../Engine/Content/Functions/Engine_MaterialFunctions03/Procedurals/ComputeFilterWidth.uasset" 585
"../../../Engine/Content/EngineMaterials/AntiAliasedTextMaterialTranslucent.uasset" 586
"../../../FireAndIce/Content/StarterContent/Textures/T_Brick_Clay_Beveled_D.uasset" 587
"../../../FireAndIce/Content/StarterContent/Textures/T_Brick_Clay_Beveled_M.uasset" 588
"../../../FireAndIce/Content/StarterContent/Textures/T_Brick_Clay_Beveled_N.uasset" 589
"../../../FireAndIce/Content/StarterContent/Materials/M_Brick_Clay_Beveled.uasset" 590
"../../../FireAndIce/Content/StarterContent/Textures/T_Brick_Clay_New_D.uasset" 591
"../../../FireAndIce/Content/StarterContent/Textures/T_Brick_Clay_New_M.uasset" 592
"../../../FireAndIce/Content/StarterContent/Textures/T_Brick_Clay_New_N.uasset" 593
"../../../FireAndIce/Content/StarterContent/Materials/M_Brick_Clay_New.uasset" 594
"../../../FireAndIce/Content/StarterContent/Textures/T_Brick_Clay_Old_D.uasset" 595
"../../../FireAndIce/Content/StarterContent/Textures/T_Brick_Clay_Old_N.uasset" 596
"../../../FireAndIce/Content/StarterContent/Textures/T_Perlin_Noise_M.uasset" 597
"../../../FireAndIce/Content/StarterContent/Materials/M_Brick_Clay_Old.uasset" 598
"../../../FireAndIce/Content/StarterContent/Textures/T_Brick_Cut_Stone_D.uasset" 599
"../../../FireAndIce/Content/StarterContent/Textures/T_Brick_Cut_Stone_N.uasset" 600
"../../../FireAndIce/Content/StarterContent/Materials/M_Brick_Cut_Stone.uasset" 601
"../../../FireAndIce/Content/StarterContent/Textures/T_Brick_Hewn_Stone_D.uasset" 602
"../../../FireAndIce/Content/StarterContent/Textures/T_Brick_Hewn_Stone_M.uasset" 603
"../../../FireAndIce/Content/StarterContent/Textures/T_Brick_Hewn_Stone_N.uasset" 604
"../../../FireAndIce/Content/StarterContent/Materials/M_Brick_Hewn_Stone.uasset" 605
"../../../FireAndIce/Content/StarterContent/Textures/T_Ceramic_Tile_M.uasset" 606
"../../../FireAndIce/Content/StarterContent/Textures/T_Ceramic_Tile_N.uasset" 607
"../../../FireAndIce/Content/StarterContent/Textures/T_Rock_Marble_Polished_D.uasset" 608
"../../../FireAndIce/Content/StarterContent/Materials/M_Ceramic_Tile_Checker.uasset" 609
"../../../FireAndIce/Content/StarterContent/Textures/T_CobbleStone_Pebble_D.uasset" 610
"../../../FireAndIce/Content/StarterContent/Textures/T_CobbleStone_Pebble_M.uasset" 611
"../../../FireAndIce/Content/StarterContent/Textures/T_CobbleStone_Pebble_N.uasset" 612
"../../../FireAndIce/Content/StarterContent/Materials/M_CobbleStone_Pebble.uasset" 613
"../../../FireAndIce/Content/StarterContent/Textures/T_CobbleStone_Rough_D.uasset" 614
"../../../FireAndIce/Content/StarterContent/Textures/T_CobbleStone_Rough_N.uasset" 615
"../../../FireAndIce/Content/StarterContent/Textures/T_Gradinet_01.uasset" 616
"../../../FireAndIce/Content/StarterContent/Textures/T_Rock_Smooth_Granite_D.uasset" 617
"../../../FireAndIce/Content/StarterContent/Materials/M_CobbleStone_Rough.uasset" 618
"../../../FireAndIce/Content/StarterContent/Textures/T_CobbleStone_Smooth_D.uasset" 619
"../../../FireAndIce/Content/StarterContent/Textures/T_CobbleStone_Smooth_M.uasset" 620
"../../../FireAndIce/Content/StarterContent/Textures/T_CobbleStone_Smooth_N.uasset" 621
"../../../FireAndIce/Content/StarterContent/Materials/M_CobbleStone_Smooth.uasset" 622
"../../../FireAndIce/Content/StarterContent/Textures/T_Concrete_Grime_D.uasset" 623
"../../../FireAndIce/Content/StarterContent/Textures/T_Metal_Rust_N.uasset" 624
"../../../FireAndIce/Content/StarterContent/Materials/M_Concrete_Grime.uasset" 625
"../../../FireAndIce/Content/StarterContent/Textures/T_Concrete_Panels_D.uasset" 626
"../../../FireAndIce/Content/StarterContent/Textures/T_Concrete_Panels_N.uasset" 627
"../../../FireAndIce/Content/StarterContent/Materials/M_Concrete_Panels.uasset" 628
"../../../FireAndIce/Content/StarterContent/Textures/T_Concrete_Poured_D.uasset" 629
"../../../FireAndIce/Content/StarterContent/Textures/T_Concrete_Poured_N.uasset" 630
"../../../FireAndIce/Content/StarterContent/Materials/M_Concrete_Poured.uasset" 631
"../../../FireAndIce/Content/StarterContent/Textures/T_Concrete_Tiles_D.uasset" 632
"../../../FireAndIce/Content/StarterContent/Textures/T_Concrete_Tiles_M.uasset" 633
"../../../FireAndIce/Content/StarterContent/Textures/T_Concrete_Tiles_N.uasset" 634
"../../../FireAndIce/Content/StarterContent/Textures/T_Concrete_Tiles_Variation_M.uasset" 635
"../../../FireAndIce/Content/StarterContent/Materials/M_Concrete_Tiles.uasset" 636
"../../../FireAndIce/Content/StarterContent/Textures/T_Ground_Grass_D.uasset" 637
"../../../FireAndIce/Content/StarterContent/Textures/T_Ground_Grass_N.uasset" 638
"../../../FireAndIce/Content/StarterContent/Materials/M_Ground_Grass.uasset" 639
"../../../FireAndIce/Content/StarterContent/Textures/T_Ground_Gravel_D.uasset" 640
"../../../FireAndIce/Content/StarterContent/Textures/T_Ground_Gravel_N.uasset" 641
"../../../FireAndIce/Content/StarterContent/Materials/M_Ground_Gravel.uasset" 642
"../../../FireAndIce/Content/StarterContent/Textures/T_ground_Moss_D.uasset" 643
"../../../FireAndIce/Content/StarterContent/Textures/T_Ground_Moss_N.uasset" 644
"../../../FireAndIce/Content/StarterContent/Materials/M_Ground_Moss.uasset" 645
"../../../FireAndIce/Content/StarterContent/Textures/T_Metal_Rust_D.uasset" 646
"../../../FireAndIce/Content/StarterContent/Materials/M_Metal_Rust.uasset" 647
"../../../FireAndIce/Content/StarterContent/Textures/T_Metal_Steel_D.uasset" 648
"../../../FireAndIce/Content/StarterContent/Textures/T_Metal_Steel_N.uasset" 649
"../../../FireAndIce/Content/StarterContent/Materials/M_Metal_Steel.uasset" 650
"../../../FireAndIce/Content/StarterContent/Textures/T_Rock_Basalt_N.uasset" 651
"../../../FireAndIce/Content/StarterContent/Materials/M_Rock_Basalt.uasset" 652
"../../../FireAndIce/Content/StarterContent/Materials/M_Rock_Marble_Polished.uasset" 653
"../../../FireAndIce/Content/StarterContent/Textures/T_Rock_Sandstone_D.uasset" 654
"../../../FireAndIce/Content/StarterContent/Textures/T_Rock_Sandstone_N.uasset" 655
"../../../FireAndIce/Content/StarterContent/Materials/M_Rock_Sandstone.uasset" 656
"../../../FireAndIce/Content/StarterContent/Textures/T_Rock_Slate_D.uasset" 657
"../../../FireAndIce/Content/StarterContent/Textures/T_Rock_Slate_N.uasset" 658
"../../../FireAndIce/Content/StarterContent/Materials/M_Rock_Slate.uasset" 659
"../../../FireAndIce/Content/StarterContent/Textures/T_Checker_Noise_M.uasset" 660
"../../../FireAndIce/Content/StarterContent/Textures/T_Single_Tile_N.uasset" 661
"../../../FireAndIce/Content/StarterContent/Textures/T_Tech_Dot_M.uasset" 662
"../../../FireAndIce/Content/StarterContent/Textures/T_Tech_Dot_N.uasset" 663
"../../../FireAndIce/Content/StarterContent/Materials/M_Tech_Checker_Dot.uasset" 664
"../../../FireAndIce/Content/StarterContent/Textures/T_Tech_Hex_Tile_M.uasset" 665
"../../../FireAndIce/Content/StarterContent/Textures/T_Tech_Hex_Tile_N.uasset" 666
"../../../FireAndIce/Content/StarterContent/Materials/M_Tech_Hex_Tile.uasset" 667
"../../../FireAndIce/Content/StarterContent/Materials/M_Tech_Hex_Tile_Pulse.uasset" 668
"../../../FireAndIce/Content/StarterContent/Textures/T_Tech_Panel_M.uasset" 669
"../../../FireAndIce/Content/StarterContent/Textures/T_Tech_Panel_N.uasset" 670
"../../../FireAndIce/Content/StarterContent/Materials/M_Tech_Panel.uasset" 671
"../../../FireAndIce/Content/StarterContent/Materials/M_Water_Lake.uasset" 672
"../../../FireAndIce/Content/StarterContent/Textures/T_Water_M.uasset" 673
"../../../FireAndIce/Content/StarterContent/Materials/M_Water_Ocean.uasset" 674
"../../../FireAndIce/Content/StarterContent/Textures/T_Wood_Floor_Walnut_D.uasset" 675
"../../../FireAndIce/Content/StarterContent/Textures/T_Wood_Floor_Walnut_M.uasset" 676
"../../../FireAndIce/Content/StarterContent/Textures/T_Wood_Floor_Walnut_N.uasset" 677
"../../../FireAndIce/Content/StarterContent/Materials/M_Wood_Floor_Walnut_Polished.uasset" 678
"../../../Engine/Content/Functions/Engine_MaterialFunctions01/Opacity/AlphaOffset.uasset" 679
"../../../FireAndIce/Content/StarterContent/Materials/M_Wood_Floor_Walnut_Worn.uasset" 680
"../../../FireAndIce/Content/StarterContent/Textures/T_Wood_Oak_D.uasset" 681
"../../../FireAndIce/Content/StarterContent/Textures/T_Wood_Oak_N.uasset" 682
"../../../FireAndIce/Content/StarterContent/Materials/M_Wood_Oak.uasset" 683
"../../../FireAndIce/Content/StarterContent/Textures/T_Wood_Pine_D.uasset" 684
"../../../FireAndIce/Content/StarterContent/Textures/T_Wood_Pine_N.uasset" 685
"../../../FireAndIce/Content/StarterContent/Materials/M_Wood_Pine.uasset" 686
"../../../FireAndIce/Content/StarterContent/Textures/T_Wood_Walnut_D.uasset" 687
"../../../FireAndIce/Content/StarterContent/Textures/T_Wood_Walnut_N.uasset" 688
"../../../FireAndIce/Content/StarterContent/Materials/M_Wood_Walnut.uasset" 689
"../../../FireAndIce/Content/StarterContent/Architecture/Wall_400x200.uasset" 690
"../../../FireAndIce/Content/StarterContent/Architecture/Wall_Door_400x300.uasset" 691
"../../../FireAndIce/Content/StarterContent/Architecture/Wall_Window_400x300.uasset" 692
"../../../FireAndIce/Content/StarterContent/Audio/Collapse_Cue.uasset" 693
"../../../FireAndIce/Content/StarterContent/Audio/Starter_Music_Cue.uasset" 694
"../../../FireAndIce/Content/StarterContent/Textures/T_Dust_Particle_D.uasset" 695
"../../../FireAndIce/Content/StarterContent/Particles/Materials/M_Dust_Particle.uasset" 696
"../../../FireAndIce/Content/StarterContent/Particles/P_Ambient_Dust.uasset" 697
"../../../FireAndIce/Content/StarterContent/Props/MaterialSphere.uasset" 698
"../../../FireAndIce/Content/StarterContent/Textures/T_Frame_M.uasset" 699
"../../../FireAndIce/Content/StarterContent/Textures/T_Frame_N.uasset" 700
"../../../FireAndIce/Content/StarterContent/Props/Materials/M_Frame.uasset" 701
"../../../FireAndIce/Content/StarterContent/Props/SM_CornerFrame.uasset" 702
"../../../FireAndIce/Content/StarterContent/Props/SM_DoorFrame.uasset" 703
"../../../FireAndIce/Content/StarterContent/Props/SM_GlassWindow.uasset" 704
"../../../FireAndIce/Content/StarterContent/Props/SM_PillarFrame.uasset" 705
"../../../FireAndIce/Content/StarterContent/Props/SM_PillarFrame300.uasset" 706
"../../../FireAndIce/Content/StarterContent/Props/SM_WindowFrame.uasset" 707
"../../../FireAndIce/Content/StarterContent/Shapes/Shape_Cube.uasset" 708
"../../../FireAndIce/Content/StarterContent/Shapes/Shape_QuadPyramid.uasset" 709
"../../../FireAndIce/Content/StarterContent/Maps/StarterMap.umap" 710
"../../../FireAndIce/Content/ThirdPersonBP/Maps/ThirdPersonExampleMap_BuiltData.uasset" 711
"../../../FireAndIce/Content/Geometry/Meshes/1M_Cube_Chamfer.uasset" 712
"../../../FireAndIce/Content/Geometry/Meshes/TemplateFloor.uasset" 713
"../../../FireAndIce/Content/ThirdPerson/Meshes/RampMaterial.uasset" 714
"../../../FireAndIce/Content/ThirdPerson/Meshes/Bump_StaticMesh.uasset" 715
"../../../FireAndIce/Content/ThirdPerson/Meshes/LeftArm_StaticMesh.uasset" 716
"../../../FireAndIce/Content/ThirdPerson/Meshes/Linear_Stair_StaticMesh.uasset" 717
"../../../FireAndIce/Content/ThirdPerson/Meshes/Ramp_StaticMesh.uasset" 718
"../../../FireAndIce/Content/ThirdPerson/Meshes/RightArm_StaticMesh.uasset" 719
"../../../FireAndIce/Content/ThirdPersonBP/Maps/ThirdPersonExampleMap.umap" 720
"../../../Engine/Content/Maps/Entry.umap" 721
