  Performing full C++ include scan (building a new target)
  Using 'git status' to determine working set for adaptive non-unity build.
  Creating makefile for FireAndIce (no existing makefile)
  Parsing headers for FireAndIce
    Running UnrealHeaderTool "F:\Libraries\Desktop\FireAndIce\FireAndIce_Alpha\FireAndIce.uproject" "F:\Libraries\Desktop\FireAndIce\FireAndIce_Alpha\Intermediate\Build\Win64\FireAndIce\DebugGame\FireAndIce.uhtmanifest" -LogCmds="loginit warning, logexit warning, logdatabase error" -Unattended -WarningsAsErrors -installed
  Reflection code generated for FireAndIce in 4.9585473 seconds
  Performing 17 actions (4 in parallel)
  [3/17] Resource PCLaunch.rc
  PCH.UELinkerFixups.cpp
  SharedPCH.Engine.NonOptimized.cpp
  UELinkerFixups.cpp
  PlatformBase.gen.cpp
  PlatformMoving.gen.cpp
  PC_Menu_FireandIce.gen.cpp
  PlatformAppearing.gen.cpp
  PlatformBase.cpp
  PlatformMoving.cpp
  GM_Menu_FireandIce.gen.cpp
  PlatformAppearing.cpp
F:\Libraries\Desktop\FireAndIce\FireAndIce_Alpha\Source\FireAndIce\PlatformBase.cpp(16): warning C4996: 'USceneComponent::AttachTo': This function is deprecated, please use AttachToComponent instead. Please update your code to the new API before upgrading to the next release, otherwise your project will no longer compile.
  F:\Program Files\Epic Games\UE_4.18\Engine\Source\Runtime\Engine\Classes\Components/SceneComponent.h(641): note: see declaration of 'USceneComponent::AttachTo'
F:\Libraries\Desktop\FireAndIce\FireAndIce_Alpha\Source\FireAndIce\PlatformBase.cpp(21): warning C4996: 'USceneComponent::AttachTo': This function is deprecated, please use AttachToComponent instead. Please update your code to the new API before upgrading to the next release, otherwise your project will no longer compile.
  F:\Program Files\Epic Games\UE_4.18\Engine\Source\Runtime\Engine\Classes\Components/SceneComponent.h(641): note: see declaration of 'USceneComponent::AttachTo'
F:\Libraries\Desktop\FireAndIce\FireAndIce_Alpha\Source\FireAndIce\PlatformBase.cpp(24): warning C4996: 'USceneComponent::AttachTo': This function is deprecated, please use AttachToComponent instead. Please update your code to the new API before upgrading to the next release, otherwise your project will no longer compile.
  F:\Program Files\Epic Games\UE_4.18\Engine\Source\Runtime\Engine\Classes\Components/SceneComponent.h(641): note: see declaration of 'USceneComponent::AttachTo'
F:\Libraries\Desktop\FireAndIce\FireAndIce_Alpha\Source\FireAndIce\PlatformMoving.cpp(9): warning C4996: 'USceneComponent::AttachTo': This function is deprecated, please use AttachToComponent instead. Please update your code to the new API before upgrading to the next release, otherwise your project will no longer compile.
  F:\Program Files\Epic Games\UE_4.18\Engine\Source\Runtime\Engine\Classes\Components/SceneComponent.h(641): note: see declaration of 'USceneComponent::AttachTo'
F:\Libraries\Desktop\FireAndIce\FireAndIce_Alpha\Source\FireAndIce\PlatformAppearing.cpp(9): warning C4996: 'USceneComponent::AttachTo': This function is deprecated, please use AttachToComponent instead. Please update your code to the new API before upgrading to the next release, otherwise your project will no longer compile.
  F:\Program Files\Epic Games\UE_4.18\Engine\Source\Runtime\Engine\Classes\Components/SceneComponent.h(641): note: see declaration of 'USceneComponent::AttachTo'
  PC_Menu_FireandIce.cpp
  GM_Menu_FireandIce.cpp
  FireAndIce.cpp
  FireAndIce.init.gen.cpp
  [17/17] Link FireAndIce-Win64-DebugGame.exe
     Creating library F:\Libraries\Desktop\FireAndIce\FireAndIce_Alpha\Binaries\Win64\FireAndIce-Win64-DebugGame.lib and object F:\Libraries\Desktop\FireAndIce\FireAndIce_Alpha\Binaries\Win64\FireAndIce-Win64-DebugGame.exp
  Deploying FireAndIce Win64 DebugGame...
  Prepping UE4 for deployment to Win64
  Total build time: 48.46 seconds (Local executor: 40.38 seconds)
